# JRE version: OpenJDK Runtime Environment (16.0.2+7) (build 16.0.2+7-67)
# Java VM: OpenJDK 64-Bit Server VM (16.0.2+7-67, mixed mode, tiered, compressed oops, compressed class ptrs, g1 gc, windows-amd64)
GC Precious Log:
 CPUs: 4 total, 4 available
 Memory: 8110M
 Large Page Support: Disabled
 NUMA Support: Disabled
 Compressed Oops: Enabled (32-bit)
 Heap Region Size: 1M
 Heap Min Capacity: 8M
 Heap Initial Capacity: 128M
 Heap Max Capacity: 2028M
 Pre-touch: Disabled
 Parallel Workers: 4
 Concurrent Workers: 1
 Concurrent Refinement Workers: 4
 Periodic GC: Disabled
Heap:
 garbage-first heap   total 194560K, used 142133K [0x0000000081400000, 0x0000000100000000)
  region size 1024K, 87 young (89088K), 7 survivors (7168K)
 Metaspace       used 97974K, committed 98688K, reserved 1138688K
  class space    used 12833K, committed 13184K, reserved 1048576K
GC Heap History (20 events):
Event: 7.767 GC heap before
{Heap before GC invocations=29 (full 0):
 garbage-first heap   total 108544K, used 89425K [0x0000000081400000, 0x0000000100000000)
  region size 1024K, 56 young (57344K), 7 survivors (7168K)
 Metaspace       used 75478K, committed 75968K, reserved 1122304K
  class space    used 9645K, committed 9856K, reserved 1048576K
}
Event: 7.773 GC heap after
{Heap after GC invocations=30 (full 0):
 garbage-first heap   total 134144K, used 40984K [0x0000000081400000, 0x0000000100000000)
  region size 1024K, 5 young (5120K), 5 survivors (5120K)
 Metaspace       used 75478K, committed 75968K, reserved 1122304K
  class space    used 9645K, committed 9856K, reserved 1048576K
}
Event: 8.978 GC heap before
{Heap before GC invocations=30 (full 0):
 garbage-first heap   total 134144K, used 107544K [0x0000000081400000, 0x0000000100000000)
  region size 1024K, 70 young (71680K), 5 survivors (5120K)
 Metaspace       used 79097K, committed 79552K, reserved 1122304K
  class space    used 10263K, committed 10496K, reserved 1048576K
}
Event: 8.982 GC heap after
{Heap after GC invocations=31 (full 0):
 garbage-first heap   total 134144K, used 41487K [0x0000000081400000, 0x0000000100000000)
  region size 1024K, 6 young (6144K), 6 survivors (6144K)
 Metaspace       used 79097K, committed 79552K, reserved 1122304K
  class space    used 10263K, committed 10496K, reserved 1048576K
}
Event: 9.444 GC heap before
{Heap before GC invocations=31 (full 0):
 garbage-first heap   total 134144K, used 109071K [0x0000000081400000, 0x0000000100000000)
  region size 1024K, 72 young (73728K), 6 survivors (6144K)
 Metaspace       used 82526K, committed 83072K, reserved 1122304K
  class space    used 10680K, committed 10944K, reserved 1048576K
}
Event: 9.451 GC heap after
{Heap after GC invocations=32 (full 0):
 garbage-first heap   total 134144K, used 44593K [0x0000000081400000, 0x0000000100000000)
  region size 1024K, 6 young (6144K), 6 survivors (6144K)
 Metaspace       used 82526K, committed 83072K, reserved 1122304K
  class space    used 10680K, committed 10944K, reserved 1048576K
}
Event: 9.873 GC heap before
{Heap before GC invocations=32 (full 0):
 garbage-first heap   total 134144K, used 110129K [0x0000000081400000, 0x0000000100000000)
  region size 1024K, 70 young (71680K), 6 survivors (6144K)
 Metaspace       used 84184K, committed 84736K, reserved 1130496K
  class space    used 10870K, committed 11136K, reserved 1048576K
}
Event: 9.880 GC heap after
{Heap after GC invocations=33 (full 0):
 garbage-first heap   total 134144K, used 46893K [0x0000000081400000, 0x0000000100000000)
  region size 1024K, 7 young (7168K), 7 survivors (7168K)
 Metaspace       used 84184K, committed 84736K, reserved 1130496K
  class space    used 10870K, committed 11136K, reserved 1048576K
}
Event: 10.295 GC heap before
{Heap before GC invocations=33 (full 0):
 garbage-first heap   total 134144K, used 110381K [0x0000000081400000, 0x0000000100000000)
  region size 1024K, 69 young (70656K), 7 survivors (7168K)
 Metaspace       used 84977K, committed 85504K, reserved 1130496K
  class space    used 10989K, committed 11264K, reserved 1048576K
}
Event: 10.303 GC heap after
{Heap after GC invocations=34 (full 0):
 garbage-first heap   total 134144K, used 49244K [0x0000000081400000, 0x0000000100000000)
  region size 1024K, 5 young (5120K), 5 survivors (5120K)
 Metaspace       used 84977K, committed 85504K, reserved 1130496K
  class space    used 10989K, committed 11264K, reserved 1048576K
}
Event: 10.739 GC heap before
{Heap before GC invocations=34 (full 0):
 garbage-first heap   total 134144K, used 110684K [0x0000000081400000, 0x0000000100000000)
  region size 1024K, 65 young (66560K), 5 survivors (5120K)
 Metaspace       used 86387K, committed 86976K, reserved 1130496K
  class space    used 11179K, committed 11456K, reserved 1048576K
}
Event: 10.745 GC heap after
{Heap after GC invocations=35 (full 0):
 garbage-first heap   total 161792K, used 50609K [0x0000000081400000, 0x0000000100000000)
  region size 1024K, 7 young (7168K), 7 survivors (7168K)
 Metaspace       used 86387K, committed 86976K, reserved 1130496K
  class space    used 11179K, committed 11456K, reserved 1048576K
}
Event: 11.333 GC heap before
{Heap before GC invocations=35 (full 0):
 garbage-first heap   total 161792K, used 134577K [0x0000000081400000, 0x0000000100000000)
  region size 1024K, 89 young (91136K), 7 survivors (7168K)
 Metaspace       used 87629K, committed 88192K, reserved 1130496K
  class space    used 11343K, committed 11648K, reserved 1048576K
}
Event: 11.341 GC heap after
{Heap after GC invocations=36 (full 0):
 garbage-first heap   total 161792K, used 52701K [0x0000000081400000, 0x0000000100000000)
  region size 1024K, 9 young (9216K), 9 survivors (9216K)
 Metaspace       used 87629K, committed 88192K, reserved 1130496K
  class space    used 11343K, committed 11648K, reserved 1048576K
}
Event: 11.800 GC heap before
{Heap before GC invocations=36 (full 0):
 garbage-first heap   total 161792K, used 134621K [0x0000000081400000, 0x0000000100000000)
  region size 1024K, 89 young (91136K), 9 survivors (9216K)
 Metaspace       used 89364K, committed 89984K, reserved 1130496K
  class space    used 11606K, committed 11904K, reserved 1048576K
}
Event: 11.811 GC heap after
{Heap after GC invocations=37 (full 0):
 garbage-first heap   total 161792K, used 56204K [0x0000000081400000, 0x0000000100000000)
  region size 1024K, 10 young (10240K), 10 survivors (10240K)
 Metaspace       used 89364K, committed 89984K, reserved 1130496K
  class space    used 11606K, committed 11904K, reserved 1048576K
}
Event: 12.326 GC heap before
{Heap before GC invocations=37 (full 0):
 garbage-first heap   total 161792K, used 134028K [0x0000000081400000, 0x0000000100000000)
  region size 1024K, 86 young (88064K), 10 survivors (10240K)
 Metaspace       used 90665K, committed 91200K, reserved 1130496K
  class space    used 11798K, committed 12032K, reserved 1048576K
}
Event: 12.336 GC heap after
{Heap after GC invocations=38 (full 0):
 garbage-first heap   total 161792K, used 58601K [0x0000000081400000, 0x0000000100000000)
  region size 1024K, 7 young (7168K), 7 survivors (7168K)
 Metaspace       used 90665K, committed 91200K, reserved 1130496K
  class space    used 11798K, committed 12032K, reserved 1048576K
}
Event: 12.898 GC heap before
{Heap before GC invocations=38 (full 0):
 garbage-first heap   total 161792K, used 135401K [0x0000000081400000, 0x0000000100000000)
  region size 1024K, 82 young (83968K), 7 survivors (7168K)
 Metaspace       used 92548K, committed 93184K, reserved 1130496K
  class space    used 12095K, committed 12416K, reserved 1048576K
}
Event: 12.908 GC heap after
{Heap after GC invocations=39 (full 0):
 garbage-first heap   total 194560K, used 62261K [0x0000000081400000, 0x0000000100000000)
  region size 1024K, 7 young (7168K), 7 survivors (7168K)
 Metaspace       used 92548K, committed 93184K, reserved 1130496K
  class space    used 12095K, committed 12416K, reserved 1048576K
}

